c:\users\seren\documents\visual studio 2015\projects\mergesort\mergesort\x64\debug\mergesort.pch
c:\users\seren\documents\visual studio 2015\projects\mergesort\mergesort\x64\debug\vc140.pdb
c:\users\seren\documents\visual studio 2015\projects\mergesort\mergesort\x64\debug\vc140.idb
c:\users\seren\documents\visual studio 2015\projects\mergesort\mergesort\x64\debug\stdafx.obj
c:\users\seren\documents\visual studio 2015\projects\mergesort\mergesort\x64\debug\mergesort.obj
c:\onedrive\projects\mergesort\mergesort\x64\debug\mergesort.pch
c:\onedrive\projects\mergesort\mergesort\x64\debug\vc140.pdb
c:\onedrive\projects\mergesort\mergesort\x64\debug\vc140.idb
c:\onedrive\projects\mergesort\mergesort\x64\debug\stdafx.obj
c:\onedrive\projects\mergesort\mergesort\x64\debug\mergesort.obj
c:\users\seren\onedrive\projects\mergesort\mergesort\x64\debug\mergesort.pch
c:\users\seren\onedrive\projects\mergesort\mergesort\x64\debug\vc140.pdb
c:\users\seren\onedrive\projects\mergesort\mergesort\x64\debug\vc140.idb
c:\users\seren\onedrive\projects\mergesort\mergesort\x64\debug\stdafx.obj
c:\users\seren\onedrive\projects\mergesort\mergesort\x64\debug\mergesort.obj
c:\users\seren\documents\visual studio 2015\projects\mergesort\x64\debug\mergesort.ilk
c:\users\seren\documents\visual studio 2015\projects\mergesort\x64\debug\mergesort.exe
c:\users\seren\documents\visual studio 2015\projects\mergesort\x64\debug\mergesort.pdb
c:\onedrive\projects\mergesort\x64\debug\mergesort.ilk
c:\onedrive\projects\mergesort\x64\debug\mergesort.exe
c:\onedrive\projects\mergesort\x64\debug\mergesort.pdb
c:\users\seren\onedrive\projects\mergesort\x64\debug\mergesort.ilk
c:\users\seren\onedrive\projects\mergesort\x64\debug\mergesort.exe
c:\users\seren\onedrive\projects\mergesort\x64\debug\mergesort.pdb
c:\users\seren\onedrive\projects\mergesort\mergesort\x64\debug\mergesort.obj.enc
c:\users\seren\onedrive\projects\mergesort\mergesort\x64\debug\mergesort.tlog\cl.command.1.tlog
c:\users\seren\onedrive\projects\mergesort\mergesort\x64\debug\mergesort.tlog\cl.read.1.tlog
c:\users\seren\onedrive\projects\mergesort\mergesort\x64\debug\mergesort.tlog\cl.write.1.tlog
c:\users\seren\onedrive\projects\mergesort\mergesort\x64\debug\mergesort.tlog\link.command.1.tlog
c:\users\seren\onedrive\projects\mergesort\mergesort\x64\debug\mergesort.tlog\link.read.1.tlog
c:\users\seren\onedrive\projects\mergesort\mergesort\x64\debug\mergesort.tlog\link.write.1.tlog
